<?xml version="1.0" encoding="UTF-8"?>
<!-- Generated by org.testng.reporters.JUnitXMLReporter -->
<testsuite hostname="DESKTOP-D7A64A0" name="TestOnFirefox" tests="9" failures="0" timestamp="24 Jun 2022 12:51:52 GMT" time="131.511" errors="0">
  <testcase name="@BeforeClass setUp" time="0.0" classname="org.login.LoginPageTest">
    <failure type="org.openqa.selenium.TimeoutException" message="Failed to read marionette port
Build info: version: &amp;apos;3.8.1&amp;apos;, revision: &amp;apos;6e95a6684b&amp;apos;, time: &amp;apos;2017-12-01T18:33:54.468Z&amp;apos;
System info: host: &amp;apos;DESKTOP-D7A64A0&amp;apos;, ip: &amp;apos;192.168.1.6&amp;apos;, os.name: &amp;apos;Windows 10&amp;apos;, os.arch: &amp;apos;amd64&amp;apos;, os.version: &amp;apos;10.0&amp;apos;, java.version: &amp;apos;1.8.0_202&amp;apos;
Driver info: driver.version: FirefoxDriver
remote stacktrace: ">
      <![CDATA[org.openqa.selenium.TimeoutException: Failed to read marionette port
Build info: version: '3.8.1', revision: '6e95a6684b', time: '2017-12-01T18:33:54.468Z'
System info: host: 'DESKTOP-D7A64A0', ip: '192.168.1.6', os.name: 'Windows 10', os.arch: 'amd64', os.version: '10.0', java.version: '1.8.0_202'
Driver info: driver.version: FirefoxDriver
remote stacktrace: 
	at org.openqa.selenium.remote.W3CHandshakeResponse.lambda$new$0(W3CHandshakeResponse.java:57)
	at org.openqa.selenium.remote.W3CHandshakeResponse.lambda$getResponseFunction$2(W3CHandshakeResponse.java:104)
	at org.openqa.selenium.remote.ProtocolHandshake.lambda$createSession$0(ProtocolHandshake.java:123)
	at java.util.stream.ReferencePipeline$3$1.accept(Unknown Source)
	at java.util.Spliterators$ArraySpliterator.tryAdvance(Unknown Source)
	at java.util.stream.ReferencePipeline.forEachWithCancel(Unknown Source)
	at java.util.stream.AbstractPipeline.copyIntoWithCancel(Unknown Source)
	at java.util.stream.AbstractPipeline.copyInto(Unknown Source)
	at java.util.stream.AbstractPipeline.wrapAndCopyInto(Unknown Source)
	at java.util.stream.FindOps$FindOp.evaluateSequential(Unknown Source)
	at java.util.stream.AbstractPipeline.evaluate(Unknown Source)
	at java.util.stream.ReferencePipeline.findFirst(Unknown Source)
	at org.openqa.selenium.remote.ProtocolHandshake.createSession(ProtocolHandshake.java:126)
	at org.openqa.selenium.remote.ProtocolHandshake.createSession(ProtocolHandshake.java:73)
	at org.openqa.selenium.remote.HttpCommandExecutor.execute(HttpCommandExecutor.java:142)
	at org.openqa.selenium.remote.service.DriverCommandExecutor.execute(DriverCommandExecutor.java:83)
	at org.openqa.selenium.remote.RemoteWebDriver.execute(RemoteWebDriver.java:601)
	at org.openqa.selenium.remote.RemoteWebDriver.startSession(RemoteWebDriver.java:219)
	at org.openqa.selenium.remote.RemoteWebDriver.<init>(RemoteWebDriver.java:142)
	at org.openqa.selenium.firefox.FirefoxDriver.<init>(FirefoxDriver.java:125)
	at org.openqa.selenium.firefox.FirefoxDriver.<init>(FirefoxDriver.java:103)
	at org.login.loginCommonFunctions.fireFoxBrowser(loginCommonFunctions.java:28)
	at org.login.LoginPageTest.setUp(LoginPageTest.java:32)
	at java.util.concurrent.FutureTask.run(Unknown Source)
	at java.util.concurrent.ThreadPoolExecutor.runWorker(Unknown Source)
	at java.util.concurrent.ThreadPoolExecutor$Worker.run(Unknown Source)
	at java.lang.Thread.run(Unknown Source)
... Removed 20 stack frames]]>
    </failure>
  </testcase> <!-- @BeforeClass setUp -->
  <testcase name="loginTestCase" time="0.0" classname="org.login.LoginPageTest">
    <skipped/>
  </testcase> <!-- loginTestCase -->
  <testcase name="loginTestCase" time="0.0" classname="org.login.LoginPageTest">
    <skipped/>
  </testcase> <!-- loginTestCase -->
  <testcase name="loginTestCase" time="0.0" classname="org.login.LoginPageTest">
    <skipped/>
  </testcase> <!-- loginTestCase -->
  <testcase name="loginTestCase" time="0.0" classname="org.login.LoginPageTest">
    <skipped/>
  </testcase> <!-- loginTestCase -->
  <testcase name="loginTestCase" time="0.0" classname="org.login.LoginPageTest">
    <skipped/>
  </testcase> <!-- loginTestCase -->
  <testcase name="loginTestCase" time="0.0" classname="org.login.LoginPageTest">
    <skipped/>
  </testcase> <!-- loginTestCase -->
  <testcase name="loginTestCase" time="0.0" classname="org.login.LoginPageTest">
    <skipped/>
  </testcase> <!-- loginTestCase -->
  <testcase name="loginTestCase" time="0.0" classname="org.login.LoginPageTest">
    <skipped/>
  </testcase> <!-- loginTestCase -->
  <testcase name="loginTestCase" time="0.0" classname="org.login.LoginPageTest">
    <skipped/>
  </testcase> <!-- loginTestCase -->
</testsuite> <!-- TestOnFirefox -->
